{"timestamp":"2025-07-29T23:12:22.526Z","action":"login","userEmail":"pluks120@gmail.com","details":{"action":"login"}}
{"timestamp":"2025-07-31T18:38:54.764Z","action":"register","userEmail":"pluks120@gmail.com","details":{"action":"register"}}
{"timestamp":"2025-07-31T18:39:08.651Z","action":"register","userEmail":"pluks120@gmail.com","details":{"action":"register"}}
{"timestamp":"2025-07-31T18:49:33.351Z","action":"register","userEmail":"pluks120@gmail.com","details":{"action":"register"}}
{"timestamp":"2025-07-31T18:50:45.259Z","action":"register","userEmail":"pluks120@gmail.com","details":{"action":"register"}}
{"timestamp":"2025-07-31T19:36:58.022Z","action":"register","userEmail":"pluks120@gmail.com","details":{"action":"register"}}
{"timestamp":"2025-07-31T19:37:12.619Z","action":"register","userEmail":"pluks120@gmail.com","details":{"action":"register"}}
{"timestamp":"2025-08-01T11:43:25.274Z","action":"register","userEmail":"pluks120@gmail.com","details":{"action":"register"}}
{"timestamp":"2025-08-01T11:43:40.656Z","action":"update_password","userEmail":"pluks120@gmail.com","details":{"action":"save-password"}}
{"timestamp":"2025-08-01T11:45:51.930Z","action":"login","userEmail":"pluks120@gmail.com","details":{"action":"login"}}
{"timestamp":"2025-08-01T13:43:56.958Z","action":"register","userEmail":"pluks120@gmail.com","details":{"action":"register"}}
{"timestamp":"2025-08-01T14:04:19.398Z","action":"update_password","userEmail":"pluks120@gmail.com","details":{"action":"save-password"}}
{"timestamp":"2025-08-01T14:09:11.056Z","action":"login","userEmail":"pluks120@gmail.com","details":{"action":"login"}}
{"timestamp":"2025-08-01T14:31:01.914Z","action":"login","userEmail":"pluks120@gmail.com","details":{"action":"login"}}
{"timestamp":"2025-08-01T14:35:13.257Z","action":"register","userEmail":"pluks120@gmail.com","details":{"action":"register"}}
{"timestamp":"2025-08-01T14:35:46.428Z","action":"update_password","userEmail":"pluks120@gmail.com","details":{"action":"save-password"}}
{"timestamp":"2025-08-01T20:20:32.897Z","action":"login","userEmail":"pluks120@gmail.com","details":{"action":"login"}}
{"timestamp":"2025-08-01T20:22:30.956Z","action":"register","userEmail":"pluks120@gmail.com","details":{"action":"register"}}
{"timestamp":"2025-08-01T20:22:47.731Z","action":"update_password","userEmail":"pluks120@gmail.com","details":{"action":"save-password"}}
{"timestamp":"2025-08-01T20:52:00.136Z","action":"login","userEmail":"pluks120@gmail.com","details":{"action":"login"}}
{"timestamp":"2025-08-01T21:00:08.265Z","action":"login","userEmail":"pluks120@gmail.com","details":{"action":"login"}}
{"timestamp":"2025-08-01T21:12:38.803Z","action":"login","userEmail":"pluks120@gmail.com","details":{"action":"login"}}
{"timestamp":"2025-08-03T18:34:19.636Z","action":"login","userEmail":"pluks120@gmail.com","details":{"action":"login"}}
{"timestamp":"2025-08-04T11:02:40.439Z","action":"login","userEmail":"pluks120@gmail.com","details":{"action":"login"}}
{"timestamp":"2025-08-04T11:17:10.680Z","action":"login","userEmail":"pluks120@gmail.com","details":{"action":"login"}}
{"timestamp":"2025-08-04T11:49:11.529Z","action":"login","userEmail":"pluks120@gmail.com","details":{"action":"login"}}
{"timestamp":"2025-08-06T22:06:34.664Z","action":"login","userEmail":"pluks120@gmail.com","details":{"action":"login"}}
{"timestamp":"2025-08-08T09:46:36.301Z","action":"login","userEmail":"pluks120@gmail.com","details":{"action":"login"}}
{"timestamp":"2025-08-08T11:09:50.483Z","action":"login","userEmail":"pluks120@gmail.com","details":{"action":"login"}}
{"timestamp":"2025-08-08T11:24:28.162Z","action":"register","userEmail":"test@example.com","details":{"action":"register"}}
{"timestamp":"2025-08-08T11:24:29.518Z","action":"register","userEmail":"save_1754652269458@example.com","details":{"action":"register"}}
{"timestamp":"2025-08-08T11:24:30.973Z","action":"update_password","userEmail":"save_1754652269458@example.com","details":{"action":"save-password"}}
{"timestamp":"2025-08-08T11:28:17.518Z","action":"register","userEmail":"test@example.com","details":{"action":"register"}}
{"timestamp":"2025-08-08T11:28:19.069Z","action":"register","userEmail":"save_1754652498999@example.com","details":{"action":"register"}}
{"timestamp":"2025-08-08T11:28:20.626Z","action":"update_password","userEmail":"save_1754652498999@example.com","details":{"action":"save-password"}}
{"timestamp":"2025-08-08T11:29:15.761Z","action":"register","userEmail":"test@example.com","details":{"action":"register"}}
{"timestamp":"2025-08-08T11:29:17.168Z","action":"register","userEmail":"save_1754652557104@example.com","details":{"action":"register"}}
{"timestamp":"2025-08-08T11:29:18.769Z","action":"update_password","userEmail":"save_1754652557104@example.com","details":{"action":"save-password"}}
{"timestamp":"2025-08-08T11:29:48.172Z","action":"register","userEmail":"test@example.com","details":{"action":"register"}}
{"timestamp":"2025-08-08T11:29:49.523Z","action":"register","userEmail":"save_1754652589442@example.com","details":{"action":"register"}}
{"timestamp":"2025-08-08T11:29:50.975Z","action":"update_password","userEmail":"save_1754652589442@example.com","details":{"action":"save-password"}}
{"timestamp":"2025-08-08T11:30:42.529Z","action":"register","userEmail":"test@example.com","details":{"action":"register"}}
{"timestamp":"2025-08-08T11:30:43.949Z","action":"register","userEmail":"save_1754652643880@example.com","details":{"action":"register"}}
{"timestamp":"2025-08-08T11:30:45.413Z","action":"update_password","userEmail":"save_1754652643880@example.com","details":{"action":"save-password"}}
{"timestamp":"2025-08-08T11:40:20.127Z","action":"login","userEmail":"pluks120@gmail.com","details":{"action":"login"}}
{"timestamp":"2025-08-08T11:57:58.698Z","action":"login","userEmail":"pluks120@gmail.com","details":{"action":"login"}}
{"timestamp":"2025-08-08T12:10:37.602Z","action":"login","userEmail":"pluks120@gmail.com","details":{"action":"login"}}
{"timestamp":"2025-08-08T12:21:47.912Z","action":"login","userEmail":"pluks120@gmail.com","details":{"action":"login"}}
{"timestamp":"2025-08-08T12:28:55.399Z","action":"login","userEmail":"pluks120@gmail.com","details":{"action":"login"}}
{"timestamp":"2025-08-08T12:36:33.924Z","action":"login","userEmail":"pluks120@gmail.com","details":{"action":"login"}}
